Base path: D:/Unity/2019.1.0f2/Editor/Data
Cmd: initializeCompiler
Cmd: preprocess
  insize=418 outsize=184 ok=1
Cmd: preprocess
  insize=577 outsize=160 ok=1
Cmd: preprocess
  insize=2821 outsize=466 ok=1
Cmd: preprocess
  insize=2138 outsize=616 ok=1
Cmd: preprocess
  insize=1643 outsize=206 ok=1
Cmd: preprocess
  insize=465 outsize=206 ok=1
Cmd: preprocess
  insize=398 outsize=118 ok=1
Cmd: preprocess
  insize=2933 outsize=667 ok=1
Cmd: preprocess
  insize=1227 outsize=392 ok=1
Cmd: preprocess
  insize=785 outsize=162 ok=1
Cmd: preprocess
  insize=306 outsize=155 ok=1
Cmd: preprocess
  insize=2577 outsize=688 ok=1
Cmd: preprocess
  insize=777 outsize=307 ok=1
Cmd: preprocess
  insize=229 outsize=106 ok=1
Cmd: preprocess
  insize=315 outsize=152 ok=1
Cmd: preprocess
  insize=315 outsize=154 ok=1
Cmd: preprocess
  insize=313 outsize=153 ok=1
Cmd: preprocess
  insize=5035 outsize=990 ok=1
Cmd: preprocess
  insize=319 outsize=156 ok=1
Cmd: preprocess
  insize=362 outsize=163 ok=1
Cmd: preprocess
  insize=485 outsize=191 ok=1
Cmd: preprocess
  insize=9596 outsize=930 ok=1
Cmd: preprocess
  insize=433 outsize=193 ok=1
Cmd: preprocess
  insize=321 outsize=155 ok=1
Cmd: preprocess
  insize=315 outsize=154 ok=1
Cmd: preprocess
  insize=638 outsize=219 ok=1
Cmd: preprocess
  insize=418 outsize=183 ok=1
Cmd: preprocess
  insize=1283 outsize=339 ok=1
Cmd: preprocess
  insize=359 outsize=122 ok=1
Cmd: preprocess
  insize=364 outsize=104 ok=1
Cmd: preprocess
  insize=313 outsize=153 ok=1
Cmd: preprocess
  insize=507 outsize=212 ok=1
Cmd: preprocess
  insize=621 outsize=258 ok=1
Cmd: preprocess
  insize=315 outsize=153 ok=1
Cmd: preprocess
  insize=426 outsize=187 ok=1
Cmd: preprocess
  insize=398 outsize=177 ok=1
Cmd: preprocess
  insize=313 outsize=153 ok=1
Cmd: preprocess
  insize=421 outsize=191 ok=1
Cmd: preprocess
  insize=836 outsize=233 ok=1
Cmd: preprocess
  insize=418 outsize=187 ok=1
Cmd: preprocess
  insize=317 outsize=155 ok=1
Cmd: preprocess
  insize=2001 outsize=549 ok=1
Cmd: preprocess
  insize=268 outsize=113 ok=1
Cmd: preprocess
  insize=529 outsize=113 ok=1
Cmd: preprocess
  insize=315 outsize=154 ok=1
Cmd: preprocess
  insize=16309 outsize=10480 ok=1
Cmd: compileSnippet
  api=4 type=0 insize=20618 outsize=1098 kw=UNITY_PASS_FORWARDBASE DIRECTIONAL pd=UNITY_ENABLE_REFLECTION_BUFFERS UNITY_USE_DITHER_MASK_FOR_ALPHABLENDED_SHADOWS UNITY_PBS_USE_BRDF1 UNITY_SPECCUBE_BOX_PROJECTION UNITY_SPECCUBE_BLENDING UNITY_ENABLE_DETAIL_NORMALMAP SHADER_API_DESKTOP UNITY_COLORSPACE_GAMMA UNITY_LIGHT_PROBE_PROXY_VOLUME UNITY_LIGHTMAP_FULL_HDR ok=1
Cmd: compileSnippet
  api=4 type=1 insize=20618 outsize=306 kw=UNITY_PASS_FORWARDBASE DIRECTIONAL pd=UNITY_ENABLE_REFLECTION_BUFFERS UNITY_USE_DITHER_MASK_FOR_ALPHABLENDED_SHADOWS UNITY_PBS_USE_BRDF1 UNITY_SPECCUBE_BOX_PROJECTION UNITY_SPECCUBE_BLENDING UNITY_ENABLE_DETAIL_NORMALMAP SHADER_API_DESKTOP UNITY_COLORSPACE_GAMMA UNITY_LIGHT_PROBE_PROXY_VOLUME UNITY_LIGHTMAP_FULL_HDR ok=1
Cmd: compileSnippet
  api=4 type=0 insize=25439 outsize=1958 kw=UNITY_PASS_FORWARDBASE DIRECTIONAL pd=UNITY_ENABLE_REFLECTION_BUFFERS UNITY_USE_DITHER_MASK_FOR_ALPHABLENDED_SHADOWS UNITY_PBS_USE_BRDF1 UNITY_SPECCUBE_BOX_PROJECTION UNITY_SPECCUBE_BLENDING UNITY_ENABLE_DETAIL_NORMALMAP SHADER_API_DESKTOP UNITY_COLORSPACE_GAMMA UNITY_LIGHT_PROBE_PROXY_VOLUME UNITY_LIGHTMAP_FULL_HDR ok=1
Cmd: compileSnippet
  api=4 type=1 insize=25439 outsize=2218 kw=UNITY_PASS_FORWARDBASE DIRECTIONAL pd=UNITY_ENABLE_REFLECTION_BUFFERS UNITY_USE_DITHER_MASK_FOR_ALPHABLENDED_SHADOWS UNITY_PBS_USE_BRDF1 UNITY_SPECCUBE_BOX_PROJECTION UNITY_SPECCUBE_BLENDING UNITY_ENABLE_DETAIL_NORMALMAP SHADER_API_DESKTOP UNITY_COLORSPACE_GAMMA UNITY_LIGHT_PROBE_PROXY_VOLUME UNITY_LIGHTMAP_FULL_HDR ok=1
Cmd: compileSnippet
  api=4 type=0 insize=8527 outsize=1934 kw=UNITY_PASS_FORWARDADD POINT pd=UNITY_ENABLE_REFLECTION_BUFFERS UNITY_USE_DITHER_MASK_FOR_ALPHABLENDED_SHADOWS UNITY_PBS_USE_BRDF1 UNITY_SPECCUBE_BOX_PROJECTION UNITY_SPECCUBE_BLENDING UNITY_ENABLE_DETAIL_NORMALMAP SHADER_API_DESKTOP UNITY_COLORSPACE_GAMMA UNITY_LIGHT_PROBE_PROXY_VOLUME UNITY_LIGHTMAP_FULL_HDR ok=1
Cmd: compileSnippet
  api=4 type=1 insize=8527 outsize=374 kw=UNITY_PASS_FORWARDADD POINT pd=UNITY_ENABLE_REFLECTION_BUFFERS UNITY_USE_DITHER_MASK_FOR_ALPHABLENDED_SHADOWS UNITY_PBS_USE_BRDF1 UNITY_SPECCUBE_BOX_PROJECTION UNITY_SPECCUBE_BLENDING UNITY_ENABLE_DETAIL_NORMALMAP SHADER_API_DESKTOP UNITY_COLORSPACE_GAMMA UNITY_LIGHT_PROBE_PROXY_VOLUME UNITY_LIGHTMAP_FULL_HDR ok=1
Cmd: compileSnippet
  api=4 type=0 insize=18032 outsize=2050 kw=UNITY_PASS_META pd=UNITY_ENABLE_REFLECTION_BUFFERS UNITY_USE_DITHER_MASK_FOR_ALPHABLENDED_SHADOWS UNITY_PBS_USE_BRDF1 UNITY_SPECCUBE_BOX_PROJECTION UNITY_SPECCUBE_BLENDING UNITY_ENABLE_DETAIL_NORMALMAP SHADER_API_DESKTOP UNITY_COLORSPACE_GAMMA UNITY_LIGHT_PROBE_PROXY_VOLUME UNITY_LIGHTMAP_FULL_HDR ok=1
Cmd: compileSnippet
  api=4 type=1 insize=18032 outsize=2534 kw=UNITY_PASS_META pd=UNITY_ENABLE_REFLECTION_BUFFERS UNITY_USE_DITHER_MASK_FOR_ALPHABLENDED_SHADOWS UNITY_PBS_USE_BRDF1 UNITY_SPECCUBE_BOX_PROJECTION UNITY_SPECCUBE_BLENDING UNITY_ENABLE_DETAIL_NORMALMAP SHADER_API_DESKTOP UNITY_COLORSPACE_GAMMA UNITY_LIGHT_PROBE_PROXY_VOLUME UNITY_LIGHTMAP_FULL_HDR ok=1
Cmd: compileSnippet
  api=4 type=0 insize=6607 outsize=2454 kw=UNITY_PASS_SHADOWCASTER SHADOWS_DEPTH UNITY_PASS_SHADOWCASTER pd=UNITY_ENABLE_REFLECTION_BUFFERS UNITY_USE_DITHER_MASK_FOR_ALPHABLENDED_SHADOWS UNITY_PBS_USE_BRDF1 UNITY_SPECCUBE_BOX_PROJECTION UNITY_SPECCUBE_BLENDING UNITY_ENABLE_DETAIL_NORMALMAP SHADER_API_DESKTOP UNITY_COLORSPACE_GAMMA UNITY_LIGHT_PROBE_PROXY_VOLUME UNITY_LIGHTMAP_FULL_HDR ok=1
Cmd: compileSnippet
  api=4 type=1 insize=6607 outsize=326 kw=UNITY_PASS_SHADOWCASTER SHADOWS_DEPTH UNITY_PASS_SHADOWCASTER pd=UNITY_ENABLE_REFLECTION_BUFFERS UNITY_USE_DITHER_MASK_FOR_ALPHABLENDED_SHADOWS UNITY_PBS_USE_BRDF1 UNITY_SPECCUBE_BOX_PROJECTION UNITY_SPECCUBE_BLENDING UNITY_ENABLE_DETAIL_NORMALMAP SHADER_API_DESKTOP UNITY_COLORSPACE_GAMMA UNITY_LIGHT_PROBE_PROXY_VOLUME UNITY_LIGHTMAP_FULL_HDR ok=1
Cmd: preprocess
  insize=1989 outsize=828 ok=1
Cmd: preprocess
  insize=2969 outsize=1145 ok=1
Cmd: preprocess
  insize=4081 outsize=622 ok=1
Cmd: preprocess
  insize=315 outsize=154 ok=1
Cmd: preprocess
  insize=314 outsize=153 ok=1
Cmd: preprocess
  insize=410 outsize=112 ok=1
Cmd: preprocess
  insize=317 outsize=155 ok=1
Cmd: preprocess
  insize=1035 outsize=324 ok=1
Cmd: preprocess
  insize=423 outsize=193 ok=1
Cmd: preprocess
  insize=849 outsize=269 ok=1
Cmd: preprocess
  insize=598 outsize=117 ok=1
Cmd: preprocess
  insize=315 outsize=154 ok=1
Cmd: preprocess
  insize=266 outsize=117 ok=1
Cmd: preprocess
  insize=319 outsize=164 ok=1
Cmd: preprocess
  insize=532 outsize=228 ok=1
Cmd: preprocess
  insize=912 outsize=334 ok=1
Cmd: preprocess
  insize=1870 outsize=259 ok=1
Cmd: preprocess
  insize=973 outsize=348 ok=1
Cmd: preprocess
  insize=1718 outsize=513 ok=1
Cmd: preprocess
  insize=594 outsize=208 ok=1
Cmd: preprocess
  insize=547 outsize=114 ok=1
Cmd: preprocess
  insize=313 outsize=153 ok=1
Cmd: preprocess
  insize=418 outsize=183 ok=1
Cmd: preprocess
  insize=447 outsize=195 ok=1
Cmd: preprocess
  insize=620 outsize=256 ok=1
Cmd: preprocess
  insize=289 outsize=116 ok=1
Cmd: preprocess
  insize=375 outsize=117 ok=1
Cmd: preprocess
  insize=261 outsize=118 ok=1
Cmd: preprocess
  insize=329 outsize=172 ok=1
Cmd: preprocess
  insize=10690 outsize=1582 ok=1
Cmd: preprocess
  insize=364 outsize=153 ok=1
Cmd: preprocess
  insize=1700 outsize=374 ok=1
Cmd: preprocess
  insize=877 outsize=226 ok=1
Cmd: preprocess
  insize=727 outsize=265 ok=1
Cmd: preprocess
  insize=236 outsize=104 ok=1
Cmd: preprocess
  insize=435 outsize=115 ok=1
Cmd: preprocess
  insize=315 outsize=154 ok=1
Cmd: preprocess
  insize=970 outsize=293 ok=1
Cmd: preprocess
  insize=361 outsize=105 ok=1
Cmd: preprocess
  insize=308 outsize=153 ok=1
Cmd: preprocess
  insize=416 outsize=182 ok=1
Cmd: preprocess
  insize=623 outsize=259 ok=1
Cmd: preprocess
  insize=786 outsize=114 ok=1
Cmd: preprocess
  insize=348 outsize=167 ok=1
Cmd: preprocess
  insize=418 outsize=183 ok=1
Cmd: preprocess
  insize=2375 outsize=558 ok=1
Cmd: preprocess
  insize=315 outsize=154 ok=1
Cmd: preprocess
  insize=618 outsize=255 ok=1
Cmd: preprocess
  insize=319 outsize=156 ok=1
Cmd: preprocess
  insize=389 outsize=189 ok=1
Cmd: preprocess
  insize=4325 outsize=302 ok=1
Cmd: preprocess
  insize=365 outsize=177 ok=1
Cmd: preprocess
  insize=2485 outsize=562 ok=1
Cmd: preprocess
  insize=3771 outsize=978 ok=1
Cmd: preprocess
  insize=378 outsize=177 ok=1
Cmd: preprocess
  insize=551 outsize=208 ok=1
Cmd: preprocess
  insize=793 outsize=207 ok=1
Cmd: preprocess
  insize=2258 outsize=265 ok=1
Cmd: preprocess
  insize=422 outsize=192 ok=1
Cmd: preprocess
  insize=375 outsize=161 ok=1
Cmd: preprocess
  insize=296 outsize=118 ok=1
Cmd: preprocess
  insize=535 outsize=226 ok=1
Cmd: preprocess
  insize=624 outsize=260 ok=1
Cmd: preprocess
  insize=860 outsize=266 ok=1
Cmd: preprocess
  insize=388 outsize=107 ok=1
Cmd: preprocess
  insize=317 outsize=155 ok=1
Cmd: preprocess
  insize=1294 outsize=448 ok=1
Cmd: preprocess
  insize=517 outsize=233 ok=1
Cmd: preprocess
  insize=313 outsize=153 ok=1
Cmd: preprocess
  insize=348 outsize=167 ok=1
Cmd: preprocess
  insize=371 outsize=160 ok=1
Cmd: preprocess
  insize=323 outsize=157 ok=1
Cmd: preprocess
  insize=1192 outsize=386 ok=1
Cmd: preprocess
  insize=367 outsize=114 ok=1
Cmd: preprocess
  insize=1442 outsize=216 ok=1
Cmd: preprocess
  insize=336 outsize=176 ok=1
Cmd: preprocess
  insize=526 outsize=221 ok=1
Cmd: preprocess
  insize=257 outsize=113 ok=1
Cmd: preprocess
  insize=311 outsize=156 ok=1
Cmd: preprocess
  insize=312 outsize=154 ok=1
Cmd: preprocess
  insize=2413 outsize=234 ok=1
Cmd: preprocess
  insize=313 outsize=153 ok=1
Cmd: preprocess
  insize=352 outsize=165 ok=1
Cmd: preprocess
  insize=973 outsize=161 ok=1
Cmd: preprocess
  insize=531 outsize=152 ok=1
Cmd: preprocess
  insize=17369 outsize=14511 ok=1
Cmd: compileSnippet
  api=4 type=0 insize=25894 outsize=2158 kw=UNITY_PASS_FORWARDBASE DIRECTIONAL pd=UNITY_ENABLE_REFLECTION_BUFFERS UNITY_USE_DITHER_MASK_FOR_ALPHABLENDED_SHADOWS UNITY_PBS_USE_BRDF1 UNITY_SPECCUBE_BOX_PROJECTION UNITY_SPECCUBE_BLENDING UNITY_ENABLE_DETAIL_NORMALMAP SHADER_API_DESKTOP UNITY_COLORSPACE_GAMMA UNITY_LIGHT_PROBE_PROXY_VOLUME UNITY_LIGHTMAP_FULL_HDR ok=1
Cmd: compileSnippet
  api=4 type=1 insize=25894 outsize=1586 kw=UNITY_PASS_FORWARDBASE DIRECTIONAL pd=UNITY_ENABLE_REFLECTION_BUFFERS UNITY_USE_DITHER_MASK_FOR_ALPHABLENDED_SHADOWS UNITY_PBS_USE_BRDF1 UNITY_SPECCUBE_BOX_PROJECTION UNITY_SPECCUBE_BLENDING UNITY_ENABLE_DETAIL_NORMALMAP SHADER_API_DESKTOP UNITY_COLORSPACE_GAMMA UNITY_LIGHT_PROBE_PROXY_VOLUME UNITY_LIGHTMAP_FULL_HDR ok=1
Cmd: compileSnippet
  api=4 type=0 insize=8772 outsize=2214 kw=UNITY_PASS_FORWARDADD POINT pd=UNITY_ENABLE_REFLECTION_BUFFERS UNITY_USE_DITHER_MASK_FOR_ALPHABLENDED_SHADOWS UNITY_PBS_USE_BRDF1 UNITY_SPECCUBE_BOX_PROJECTION UNITY_SPECCUBE_BLENDING UNITY_ENABLE_DETAIL_NORMALMAP SHADER_API_DESKTOP UNITY_COLORSPACE_GAMMA UNITY_LIGHT_PROBE_PROXY_VOLUME UNITY_LIGHTMAP_FULL_HDR ok=1
Cmd: compileSnippet
  api=4 type=1 insize=8772 outsize=378 kw=UNITY_PASS_FORWARDADD POINT pd=UNITY_ENABLE_REFLECTION_BUFFERS UNITY_USE_DITHER_MASK_FOR_ALPHABLENDED_SHADOWS UNITY_PBS_USE_BRDF1 UNITY_SPECCUBE_BOX_PROJECTION UNITY_SPECCUBE_BLENDING UNITY_ENABLE_DETAIL_NORMALMAP SHADER_API_DESKTOP UNITY_COLORSPACE_GAMMA UNITY_LIGHT_PROBE_PROXY_VOLUME UNITY_LIGHTMAP_FULL_HDR ok=1
Cmd: compileSnippet
  api=4 type=0 insize=17832 outsize=2318 kw=UNITY_PASS_META pd=UNITY_ENABLE_REFLECTION_BUFFERS UNITY_USE_DITHER_MASK_FOR_ALPHABLENDED_SHADOWS UNITY_PBS_USE_BRDF1 UNITY_SPECCUBE_BOX_PROJECTION UNITY_SPECCUBE_BLENDING UNITY_ENABLE_DETAIL_NORMALMAP SHADER_API_DESKTOP UNITY_COLORSPACE_GAMMA UNITY_LIGHT_PROBE_PROXY_VOLUME UNITY_LIGHTMAP_FULL_HDR ok=1
Cmd: compileSnippet
  api=4 type=1 insize=17832 outsize=1962 kw=UNITY_PASS_META pd=UNITY_ENABLE_REFLECTION_BUFFERS UNITY_USE_DITHER_MASK_FOR_ALPHABLENDED_SHADOWS UNITY_PBS_USE_BRDF1 UNITY_SPECCUBE_BOX_PROJECTION UNITY_SPECCUBE_BLENDING UNITY_ENABLE_DETAIL_NORMALMAP SHADER_API_DESKTOP UNITY_COLORSPACE_GAMMA UNITY_LIGHT_PROBE_PROXY_VOLUME UNITY_LIGHTMAP_FULL_HDR ok=1
Cmd: preprocess
  insize=5175 outsize=641 ok=1
Cmd: preprocess
  insize=313 outsize=153 ok=1
Cmd: preprocess
  insize=510 outsize=189 ok=1
Cmd: preprocess
  insize=311 outsize=156 ok=1
Cmd: preprocess
  insize=451 outsize=189 ok=1
Cmd: preprocess
  insize=271 outsize=102 ok=1
Cmd: preprocess
  insize=2185 outsize=883 ok=1
Cmd: preprocess
  insize=364 outsize=166 ok=1
Cmd: preprocess
  insize=370 outsize=163 ok=1
Cmd: preprocess
  insize=317 outsize=155 ok=1
Cmd: preprocess
  insize=317 outsize=155 ok=1
Cmd: preprocess
  insize=2095 outsize=413 ok=1
Cmd: preprocess
  insize=384 outsize=120 ok=1
Cmd: preprocess
  insize=657 outsize=207 ok=1
Cmd: preprocess
  insize=235 outsize=112 ok=1
Cmd: preprocess
  insize=12388 outsize=10120 ok=1
Cmd: compileSnippet
  api=4 type=0 insize=24650 outsize=2158 kw=UNITY_PASS_FORWARDBASE DIRECTIONAL pd=UNITY_ENABLE_REFLECTION_BUFFERS UNITY_USE_DITHER_MASK_FOR_ALPHABLENDED_SHADOWS UNITY_PBS_USE_BRDF1 UNITY_SPECCUBE_BOX_PROJECTION UNITY_SPECCUBE_BLENDING UNITY_ENABLE_DETAIL_NORMALMAP SHADER_API_DESKTOP UNITY_COLORSPACE_GAMMA UNITY_LIGHT_PROBE_PROXY_VOLUME UNITY_LIGHTMAP_FULL_HDR ok=1
Cmd: compileSnippet
  api=4 type=1 insize=24650 outsize=5082 kw=UNITY_PASS_FORWARDBASE DIRECTIONAL pd=UNITY_ENABLE_REFLECTION_BUFFERS UNITY_USE_DITHER_MASK_FOR_ALPHABLENDED_SHADOWS UNITY_PBS_USE_BRDF1 UNITY_SPECCUBE_BOX_PROJECTION UNITY_SPECCUBE_BLENDING UNITY_ENABLE_DETAIL_NORMALMAP SHADER_API_DESKTOP UNITY_COLORSPACE_GAMMA UNITY_LIGHT_PROBE_PROXY_VOLUME UNITY_LIGHTMAP_FULL_HDR ok=1
Cmd: compileSnippet
  api=4 type=0 insize=8164 outsize=2214 kw=UNITY_PASS_FORWARDADD POINT pd=UNITY_ENABLE_REFLECTION_BUFFERS UNITY_USE_DITHER_MASK_FOR_ALPHABLENDED_SHADOWS UNITY_PBS_USE_BRDF1 UNITY_SPECCUBE_BOX_PROJECTION UNITY_SPECCUBE_BLENDING UNITY_ENABLE_DETAIL_NORMALMAP SHADER_API_DESKTOP UNITY_COLORSPACE_GAMMA UNITY_LIGHT_PROBE_PROXY_VOLUME UNITY_LIGHTMAP_FULL_HDR ok=1
Cmd: compileSnippet
  api=4 type=1 insize=8164 outsize=2346 kw=UNITY_PASS_FORWARDADD POINT pd=UNITY_ENABLE_REFLECTION_BUFFERS UNITY_USE_DITHER_MASK_FOR_ALPHABLENDED_SHADOWS UNITY_PBS_USE_BRDF1 UNITY_SPECCUBE_BOX_PROJECTION UNITY_SPECCUBE_BLENDING UNITY_ENABLE_DETAIL_NORMALMAP SHADER_API_DESKTOP UNITY_COLORSPACE_GAMMA UNITY_LIGHT_PROBE_PROXY_VOLUME UNITY_LIGHTMAP_FULL_HDR ok=1
Cmd: compileSnippet
  api=4 type=0 insize=16644 outsize=2318 kw=UNITY_PASS_META pd=UNITY_ENABLE_REFLECTION_BUFFERS UNITY_USE_DITHER_MASK_FOR_ALPHABLENDED_SHADOWS UNITY_PBS_USE_BRDF1 UNITY_SPECCUBE_BOX_PROJECTION UNITY_SPECCUBE_BLENDING UNITY_ENABLE_DETAIL_NORMALMAP SHADER_API_DESKTOP UNITY_COLORSPACE_GAMMA UNITY_LIGHT_PROBE_PROXY_VOLUME UNITY_LIGHTMAP_FULL_HDR ok=1
Cmd: compileSnippet
  api=4 type=1 insize=16644 outsize=2350 kw=UNITY_PASS_META pd=UNITY_ENABLE_REFLECTION_BUFFERS UNITY_USE_DITHER_MASK_FOR_ALPHABLENDED_SHADOWS UNITY_PBS_USE_BRDF1 UNITY_SPECCUBE_BOX_PROJECTION UNITY_SPECCUBE_BLENDING UNITY_ENABLE_DETAIL_NORMALMAP SHADER_API_DESKTOP UNITY_COLORSPACE_GAMMA UNITY_LIGHT_PROBE_PROXY_VOLUME UNITY_LIGHTMAP_FULL_HDR ok=1
Cmd: preprocess
  insize=6840 outsize=506 ok=1
Cmd: preprocess
  insize=313 outsize=153 ok=1
Cmd: preprocess
  insize=315 outsize=154 ok=1
Cmd: preprocess
  insize=315 outsize=153 ok=1
Cmd: preprocess
  insize=46084 outsize=21757 ok=1
Cmd: preprocess
  insize=321 outsize=157 ok=1
Cmd: preprocess
  insize=420 outsize=186 ok=1
Cmd: preprocess
  insize=2823 outsize=373 ok=1
Cmd: preprocess
  insize=578 outsize=240 ok=1
Cmd: preprocess
  insize=326 outsize=170 ok=1
Cmd: preprocess
  insize=321 outsize=156 ok=1
Cmd: preprocess
  insize=482 outsize=165 ok=1
Cmd: preprocess
  insize=6457 outsize=1063 ok=1
Cmd: preprocess
  insize=790 outsize=229 ok=1
Cmd: preprocess
  insize=652 outsize=227 ok=1
Cmd: preprocess
  insize=368 outsize=108 ok=1
Cmd: preprocess
  insize=1208 outsize=359 ok=1
Cmd: preprocess
  insize=317 outsize=162 ok=1
Cmd: preprocess
  insize=375 outsize=161 ok=1
Cmd: preprocess
  insize=4953 outsize=539 ok=1
Cmd: preprocess
  insize=393 outsize=177 ok=1
Cmd: preprocess
  insize=633 outsize=199 ok=1
Cmd: preprocess
  insize=1645 outsize=511 ok=1
Cmd: preprocess
  insize=314 outsize=159 ok=1
Cmd: preprocess
  insize=496 outsize=196 ok=1
Cmd: preprocess
  insize=627 outsize=263 ok=1
Cmd: preprocess
  insize=549 outsize=118 ok=1
Cmd: preprocess
  insize=909 outsize=325 ok=1
Cmd: preprocess
  insize=363 outsize=164 ok=1
Cmd: preprocess
  insize=307 outsize=152 ok=1
Cmd: preprocess
  insize=622 outsize=203 ok=1
Cmd: preprocess
  insize=801 outsize=239 ok=1
Cmd: preprocess
  insize=434 outsize=198 ok=1
Cmd: preprocess
  insize=243 outsize=107 ok=1
Cmd: preprocess
  insize=361 outsize=166 ok=1
Cmd: compileSnippet
  api=4 type=0 insize=24650 outsize=2442 kw=UNITY_PASS_FORWARDBASE DIRECTIONAL LIGHTPROBE_SH pd=UNITY_ENABLE_REFLECTION_BUFFERS UNITY_USE_DITHER_MASK_FOR_ALPHABLENDED_SHADOWS UNITY_PBS_USE_BRDF1 UNITY_SPECCUBE_BOX_PROJECTION UNITY_SPECCUBE_BLENDING UNITY_ENABLE_DETAIL_NORMALMAP SHADER_API_DESKTOP UNITY_COLORSPACE_GAMMA UNITY_LIGHT_PROBE_PROXY_VOLUME UNITY_LIGHTMAP_FULL_HDR ok=1
Cmd: compileSnippet
  api=4 type=1 insize=24650 outsize=5106 kw=UNITY_PASS_FORWARDBASE DIRECTIONAL LIGHTPROBE_SH pd=UNITY_ENABLE_REFLECTION_BUFFERS UNITY_USE_DITHER_MASK_FOR_ALPHABLENDED_SHADOWS UNITY_PBS_USE_BRDF1 UNITY_SPECCUBE_BOX_PROJECTION UNITY_SPECCUBE_BLENDING UNITY_ENABLE_DETAIL_NORMALMAP SHADER_API_DESKTOP UNITY_COLORSPACE_GAMMA UNITY_LIGHT_PROBE_PROXY_VOLUME UNITY_LIGHTMAP_FULL_HDR ok=1
Cmd: compileSnippet
  api=4 type=0 insize=8164 outsize=1986 kw=UNITY_PASS_FORWARDADD DIRECTIONAL pd=UNITY_ENABLE_REFLECTION_BUFFERS UNITY_USE_DITHER_MASK_FOR_ALPHABLENDED_SHADOWS UNITY_PBS_USE_BRDF1 UNITY_SPECCUBE_BOX_PROJECTION UNITY_SPECCUBE_BLENDING UNITY_ENABLE_DETAIL_NORMALMAP SHADER_API_DESKTOP UNITY_COLORSPACE_GAMMA UNITY_LIGHT_PROBE_PROXY_VOLUME UNITY_LIGHTMAP_FULL_HDR ok=1
Cmd: compileSnippet
  api=4 type=1 insize=8164 outsize=1950 kw=UNITY_PASS_FORWARDADD DIRECTIONAL pd=UNITY_ENABLE_REFLECTION_BUFFERS UNITY_USE_DITHER_MASK_FOR_ALPHABLENDED_SHADOWS UNITY_PBS_USE_BRDF1 UNITY_SPECCUBE_BOX_PROJECTION UNITY_SPECCUBE_BLENDING UNITY_ENABLE_DETAIL_NORMALMAP SHADER_API_DESKTOP UNITY_COLORSPACE_GAMMA UNITY_LIGHT_PROBE_PROXY_VOLUME UNITY_LIGHTMAP_FULL_HDR ok=1
Cmd: compileSnippet
  api=4 type=0 insize=20618 outsize=1098 kw=UNITY_PASS_FORWARDBASE DIRECTIONAL LIGHTPROBE_SH pd=UNITY_ENABLE_REFLECTION_BUFFERS UNITY_USE_DITHER_MASK_FOR_ALPHABLENDED_SHADOWS UNITY_PBS_USE_BRDF1 UNITY_SPECCUBE_BOX_PROJECTION UNITY_SPECCUBE_BLENDING UNITY_ENABLE_DETAIL_NORMALMAP SHADER_API_DESKTOP UNITY_COLORSPACE_GAMMA UNITY_LIGHT_PROBE_PROXY_VOLUME UNITY_LIGHTMAP_FULL_HDR ok=1
Cmd: compileSnippet
  api=4 type=1 insize=20618 outsize=306 kw=UNITY_PASS_FORWARDBASE DIRECTIONAL LIGHTPROBE_SH pd=UNITY_ENABLE_REFLECTION_BUFFERS UNITY_USE_DITHER_MASK_FOR_ALPHABLENDED_SHADOWS UNITY_PBS_USE_BRDF1 UNITY_SPECCUBE_BOX_PROJECTION UNITY_SPECCUBE_BLENDING UNITY_ENABLE_DETAIL_NORMALMAP SHADER_API_DESKTOP UNITY_COLORSPACE_GAMMA UNITY_LIGHT_PROBE_PROXY_VOLUME UNITY_LIGHTMAP_FULL_HDR ok=1
Cmd: compileSnippet
  api=4 type=0 insize=25439 outsize=2538 kw=UNITY_PASS_FORWARDBASE DIRECTIONAL LIGHTPROBE_SH pd=UNITY_ENABLE_REFLECTION_BUFFERS UNITY_USE_DITHER_MASK_FOR_ALPHABLENDED_SHADOWS UNITY_PBS_USE_BRDF1 UNITY_SPECCUBE_BOX_PROJECTION UNITY_SPECCUBE_BLENDING UNITY_ENABLE_DETAIL_NORMALMAP SHADER_API_DESKTOP UNITY_COLORSPACE_GAMMA UNITY_LIGHT_PROBE_PROXY_VOLUME UNITY_LIGHTMAP_FULL_HDR ok=1
Cmd: compileSnippet
  api=4 type=1 insize=25439 outsize=2218 kw=UNITY_PASS_FORWARDBASE DIRECTIONAL LIGHTPROBE_SH pd=UNITY_ENABLE_REFLECTION_BUFFERS UNITY_USE_DITHER_MASK_FOR_ALPHABLENDED_SHADOWS UNITY_PBS_USE_BRDF1 UNITY_SPECCUBE_BOX_PROJECTION UNITY_SPECCUBE_BLENDING UNITY_ENABLE_DETAIL_NORMALMAP SHADER_API_DESKTOP UNITY_COLORSPACE_GAMMA UNITY_LIGHT_PROBE_PROXY_VOLUME UNITY_LIGHTMAP_FULL_HDR ok=1
Cmd: compileSnippet
  api=4 type=0 insize=8527 outsize=1690 kw=UNITY_PASS_FORWARDADD DIRECTIONAL pd=UNITY_ENABLE_REFLECTION_BUFFERS UNITY_USE_DITHER_MASK_FOR_ALPHABLENDED_SHADOWS UNITY_PBS_USE_BRDF1 UNITY_SPECCUBE_BOX_PROJECTION UNITY_SPECCUBE_BLENDING UNITY_ENABLE_DETAIL_NORMALMAP SHADER_API_DESKTOP UNITY_COLORSPACE_GAMMA UNITY_LIGHT_PROBE_PROXY_VOLUME UNITY_LIGHTMAP_FULL_HDR ok=1
Cmd: compileSnippet
  api=4 type=1 insize=8527 outsize=350 kw=UNITY_PASS_FORWARDADD DIRECTIONAL pd=UNITY_ENABLE_REFLECTION_BUFFERS UNITY_USE_DITHER_MASK_FOR_ALPHABLENDED_SHADOWS UNITY_PBS_USE_BRDF1 UNITY_SPECCUBE_BOX_PROJECTION UNITY_SPECCUBE_BLENDING UNITY_ENABLE_DETAIL_NORMALMAP SHADER_API_DESKTOP UNITY_COLORSPACE_GAMMA UNITY_LIGHT_PROBE_PROXY_VOLUME UNITY_LIGHTMAP_FULL_HDR ok=1
Cmd: compileSnippet
  api=4 type=0 insize=25894 outsize=2442 kw=UNITY_PASS_FORWARDBASE DIRECTIONAL LIGHTPROBE_SH pd=UNITY_ENABLE_REFLECTION_BUFFERS UNITY_USE_DITHER_MASK_FOR_ALPHABLENDED_SHADOWS UNITY_PBS_USE_BRDF1 UNITY_SPECCUBE_BOX_PROJECTION UNITY_SPECCUBE_BLENDING UNITY_ENABLE_DETAIL_NORMALMAP SHADER_API_DESKTOP UNITY_COLORSPACE_GAMMA UNITY_LIGHT_PROBE_PROXY_VOLUME UNITY_LIGHTMAP_FULL_HDR ok=1
Cmd: compileSnippet
  api=4 type=1 insize=25894 outsize=1610 kw=UNITY_PASS_FORWARDBASE DIRECTIONAL LIGHTPROBE_SH pd=UNITY_ENABLE_REFLECTION_BUFFERS UNITY_USE_DITHER_MASK_FOR_ALPHABLENDED_SHADOWS UNITY_PBS_USE_BRDF1 UNITY_SPECCUBE_BOX_PROJECTION UNITY_SPECCUBE_BLENDING UNITY_ENABLE_DETAIL_NORMALMAP SHADER_API_DESKTOP UNITY_COLORSPACE_GAMMA UNITY_LIGHT_PROBE_PROXY_VOLUME UNITY_LIGHTMAP_FULL_HDR ok=1
Cmd: compileSnippet
  api=4 type=0 insize=8772 outsize=1986 kw=UNITY_PASS_FORWARDADD DIRECTIONAL pd=UNITY_ENABLE_REFLECTION_BUFFERS UNITY_USE_DITHER_MASK_FOR_ALPHABLENDED_SHADOWS UNITY_PBS_USE_BRDF1 UNITY_SPECCUBE_BOX_PROJECTION UNITY_SPECCUBE_BLENDING UNITY_ENABLE_DETAIL_NORMALMAP SHADER_API_DESKTOP UNITY_COLORSPACE_GAMMA UNITY_LIGHT_PROBE_PROXY_VOLUME UNITY_LIGHTMAP_FULL_HDR ok=1
Cmd: compileSnippet
  api=4 type=1 insize=8772 outsize=354 kw=UNITY_PASS_FORWARDADD DIRECTIONAL pd=UNITY_ENABLE_REFLECTION_BUFFERS UNITY_USE_DITHER_MASK_FOR_ALPHABLENDED_SHADOWS UNITY_PBS_USE_BRDF1 UNITY_SPECCUBE_BOX_PROJECTION UNITY_SPECCUBE_BLENDING UNITY_ENABLE_DETAIL_NORMALMAP SHADER_API_DESKTOP UNITY_COLORSPACE_GAMMA UNITY_LIGHT_PROBE_PROXY_VOLUME UNITY_LIGHTMAP_FULL_HDR ok=1
